REBALANCE ASSIGN: [orders-0]
REBALANCE REMOVE: [orders-0]
REBALANCE ASSIGN: []
REBALANCE ASSIGN: [orders-0]
DLQ CONSUMER STARTED
SUCCESS: Order-1
SUCCESS: Order-2
SUCCESS: Order-3
SUCCESS: Order-4
FAILED: Order-5
RETRY: Order-5 attempt=1
SUCCESS: Order-6
SUCCESS: Order-7
SUCCESS: Order-8
SUCCESS: Order-9
FAILED: Order-10
RETRY: Order-5 attempt=2
RETRY: Order-10 attempt=1
RETRY: Order-5 attempt=3
RETRY: Order-10 attempt=2
DLQ: Order-5 exceeded max retry
RETRY: Order-10 attempt=3
SUCCESS: Order-11
SUCCESS: Order-12
SUCCESS: Order-13
DLQ: Order-10 exceeded max retry
SUCCESS: Order-14
FAILED: Order-15
RETRY: Order-15 attempt=1
SUCCESS: Order-16
SUCCESS: Order-17
[DLQ] Order-5|reason=max retry exceeded|retry=3
SUCCESS: Order-18
SUCCESS: Order-19
RETRY: Order-15 attempt=2
[DLQ] Order-10|reason=max retry exceeded|retry=3
RETRY: Order-15 attempt=3
DLQ: Order-15 exceeded max retry
[DLQ] Order-15|reason=max retry exceeded|retry=3
SUCCESS: Order-20
SUCCESS: Order-21
SUCCESS: Order-22
SUCCESS: Order-23
SUCCESS: Order-24
SUCCESS: Order-25
SUCCESS: Order-26
SUCCESS: Order-27
SUCCESS: Order-28
SUCCESS: Order-29
SUCCESS: Order-30
SUCCESS: Order-31
SUCCESS: Order-32
SUCCESS: Order-33
SUCCESS: Order-34
SUCCESS: Order-35
SUCCESS: Order-36
SUCCESS: Order-37
SUCCESS: Order-38
SUCCESS: Order-39
SUCCESS: Order-40
SUCCESS: Order-41
SUCCESS: Order-42
SUCCESS: Order-43
SUCCESS: Order-44
SUCCESS: Order-45
SUCCESS: Order-46
SUCCESS: Order-47
SUCCESS: Order-48
SUCCESS: Order-49
SUCCESS: Order-50
SUCCESS: Order-51
SUCCESS: Order-52
SUCCESS: Order-53
SUCCESS: Order-54
SUCCESS: Order-55
SUCCESS: Order-56
SUCCESS: Order-57
SUCCESS: Order-58
SUCCESS: Order-59
SUCCESS: Order-60
SUCCESS: Order-61
SUCCESS: Order-62
SUCCESS: Order-63
SUCCESS: Order-64
SUCCESS: Order-65
SUCCESS: Order-66
SUCCESS: Order-67
SUCCESS: Order-68
SUCCESS: Order-69
SUCCESS: Order-70
SUCCESS: Order-71
SUCCESS: Order-72
SUCCESS: Order-73
SUCCESS: Order-74
SUCCESS: Order-75
SUCCESS: Order-76
SUCCESS: Order-77
SUCCESS: Order-78
SUCCESS: Order-79
SUCCESS: Order-80
SUCCESS: Order-81
SUCCESS: Order-82
SUCCESS: Order-83
SUCCESS: Order-84
SUCCESS: Order-85
SUCCESS: Order-86
SUCCESS: Order-87
SUCCESS: Order-88
SUCCESS: Order-89
SUCCESS: Order-90
SUCCESS: Order-91
SUCCESS: Order-92
SUCCESS: Order-93
SUCCESS: Order-94
SUCCESS: Order-95
SUCCESS: Order-96
SUCCESS: Order-97
SUCCESS: Order-98
SUCCESS: Order-99
SUCCESS: Order-100
DLQ CONSUMER STARTED
REBALANCE ASSIGN: [orders-0]
REBALANCE REMOVE: [orders-0]
REBALANCE ASSIGN: []
REBALANCE ASSIGN: [orders-0]
SUCCESS: Order-1
SUCCESS: Order-2
SUCCESS: Order-3
SUCCESS: Order-4
FAILED: Order-5
SUCCESS: Order-6
RETRY: Order-5 attempt=1
RETRY: Order-5 attempt=2
RETRY: Order-5 attempt=3
SUCCESS: Order-7
DLQ: Order-5 exceeded max retry
[DLQ] Order-5|reason=max retry exceeded|retry=3
SUCCESS: Order-8
SUCCESS: Order-9
FAILED: Order-10
RETRY: Order-10 attempt=1
RETRY: Order-10 attempt=2
RETRY: Order-10 attempt=3
DLQ: Order-10 exceeded max retry
[DLQ] Order-10|reason=max retry exceeded|retry=3
SUCCESS: Order-11
SUCCESS: Order-12
SUCCESS: Order-13
SUCCESS: Order-14
FAILED: Order-15
RETRY: Order-15 attempt=1
RETRY: Order-15 attempt=2
RETRY: Order-15 attempt=3
DLQ: Order-15 exceeded max retry
[DLQ] Order-15|reason=max retry exceeded|retry=3
SUCCESS: Order-16
SUCCESS: Order-17
SUCCESS: Order-18
SUCCESS: Order-19
SUCCESS: Order-20
SUCCESS: Order-21
SUCCESS: Order-22
SUCCESS: Order-23
SUCCESS: Order-24
SUCCESS: Order-25
SUCCESS: Order-26
SUCCESS: Order-27
SUCCESS: Order-28
SUCCESS: Order-29
SUCCESS: Order-30
SUCCESS: Order-31
SUCCESS: Order-32
SUCCESS: Order-33
SUCCESS: Order-34
SUCCESS: Order-35
SUCCESS: Order-36
SUCCESS: Order-37
SUCCESS: Order-38
SUCCESS: Order-39
SUCCESS: Order-40
SUCCESS: Order-41
SUCCESS: Order-42
SUCCESS: Order-43
SUCCESS: Order-44
SUCCESS: Order-45
SUCCESS: Order-46
SUCCESS: Order-47
SUCCESS: Order-48
SUCCESS: Order-49
SUCCESS: Order-50
SUCCESS: Order-51
SUCCESS: Order-52
SUCCESS: Order-53
SUCCESS: Order-54
SUCCESS: Order-55
SUCCESS: Order-56
SUCCESS: Order-57
SUCCESS: Order-58
SUCCESS: Order-59
SUCCESS: Order-60
SUCCESS: Order-61
SUCCESS: Order-62
SUCCESS: Order-63
SUCCESS: Order-64
SUCCESS: Order-65
SUCCESS: Order-66
SUCCESS: Order-67
SUCCESS: Order-68
SUCCESS: Order-69
SUCCESS: Order-70
SUCCESS: Order-71
SUCCESS: Order-72
SUCCESS: Order-73
SUCCESS: Order-74
SUCCESS: Order-75
SUCCESS: Order-76
SUCCESS: Order-77
SUCCESS: Order-78
SUCCESS: Order-79
SUCCESS: Order-80
SUCCESS: Order-81
SUCCESS: Order-82
SUCCESS: Order-83
SUCCESS: Order-84
SUCCESS: Order-85
SUCCESS: Order-86
SUCCESS: Order-87
SUCCESS: Order-88
SUCCESS: Order-89
SUCCESS: Order-90
SUCCESS: Order-91
SUCCESS: Order-92
SUCCESS: Order-93
SUCCESS: Order-94
SUCCESS: Order-95
SUCCESS: Order-96
SUCCESS: Order-97
SUCCESS: Order-98
SUCCESS: Order-99
SUCCESS: Order-100
DLQ CONSUMER STARTED
REBALANCE ASSIGN: []
REBALANCE ASSIGN: [orders-0]
PRODUCER SENT: Order-1
SUCCESS: Order-1
PRODUCER SENT: Order-2
SUCCESS: Order-2
PRODUCER SENT: Order-3
SUCCESS: Order-3
PRODUCER SENT: Order-4
SUCCESS: Order-4
PRODUCER SENT: Order-5
FAILED: Order-5
RETRY: Order-5 lan=1
PRODUCER SENT: Order-6
SUCCESS: Order-6
RETRY: Order-5 lan=2
RETRY: Order-5 lan=3
DLQ: Order-5 vuot qua gioi han retry
PRODUCER SENT: Order-7
SUCCESS: Order-7
DLQ: Order-5|reason=max retry exceeded|retry=3
PRODUCER SENT: Order-8
SUCCESS: Order-8
PRODUCER SENT: Order-9
SUCCESS: Order-9
PRODUCER SENT: Order-10
FAILED: Order-10
RETRY: Order-10 lan=1
RETRY: Order-10 lan=2
RETRY: Order-10 lan=3
DLQ: Order-10 vuot qua gioi han retry
DLQ: Order-10|reason=max retry exceeded|retry=3
PRODUCER SENT: Order-11
SUCCESS: Order-11
PRODUCER SENT: Order-12
SUCCESS: Order-12
PRODUCER SENT: Order-13
SUCCESS: Order-13
PRODUCER SENT: Order-14
SUCCESS: Order-14
PRODUCER SENT: Order-15
FAILED: Order-15
RETRY: Order-15 lan=1
RETRY: Order-15 lan=2
RETRY: Order-15 lan=3
DLQ: Order-15 vuot qua gioi han retry
DLQ: Order-15|reason=max retry exceeded|retry=3
PRODUCER SENT: Order-16
SUCCESS: Order-16
PRODUCER SENT: Order-17
SUCCESS: Order-17
PRODUCER SENT: Order-18
SUCCESS: Order-18
PRODUCER SENT: Order-19
SUCCESS: Order-19
PRODUCER SENT: Order-20
SUCCESS: Order-20
PRODUCER SENT: Order-21
SUCCESS: Order-21
PRODUCER SENT: Order-22
SUCCESS: Order-22
PRODUCER SENT: Order-23
SUCCESS: Order-23
PRODUCER SENT: Order-24
SUCCESS: Order-24
PRODUCER SENT: Order-25
SUCCESS: Order-25
PRODUCER SENT: Order-26
SUCCESS: Order-26
PRODUCER SENT: Order-27
SUCCESS: Order-27
PRODUCER SENT: Order-28
SUCCESS: Order-28
PRODUCER SENT: Order-29
SUCCESS: Order-29
PRODUCER SENT: Order-30
SUCCESS: Order-30
PRODUCER SENT: Order-31
SUCCESS: Order-31
PRODUCER SENT: Order-32
SUCCESS: Order-32
PRODUCER SENT: Order-33
SUCCESS: Order-33
PRODUCER SENT: Order-34
SUCCESS: Order-34
PRODUCER SENT: Order-35
SUCCESS: Order-35
PRODUCER SENT: Order-36
SUCCESS: Order-36
PRODUCER SENT: Order-37
SUCCESS: Order-37
PRODUCER SENT: Order-38
SUCCESS: Order-38
PRODUCER SENT: Order-39
SUCCESS: Order-39
PRODUCER SENT: Order-40
SUCCESS: Order-40
PRODUCER SENT: Order-41
SUCCESS: Order-41
PRODUCER SENT: Order-42
SUCCESS: Order-42
PRODUCER SENT: Order-43
SUCCESS: Order-43
PRODUCER SENT: Order-44
SUCCESS: Order-44
PRODUCER SENT: Order-45
SUCCESS: Order-45
PRODUCER SENT: Order-46
SUCCESS: Order-46
PRODUCER SENT: Order-47
SUCCESS: Order-47
PRODUCER SENT: Order-48
SUCCESS: Order-48
PRODUCER SENT: Order-49
SUCCESS: Order-49
PRODUCER SENT: Order-50
SUCCESS: Order-50
PRODUCER SENT: Order-51
SUCCESS: Order-51
PRODUCER SENT: Order-52
SUCCESS: Order-52
PRODUCER SENT: Order-53
SUCCESS: Order-53
PRODUCER SENT: Order-54
SUCCESS: Order-54
PRODUCER SENT: Order-55
SUCCESS: Order-55
PRODUCER SENT: Order-56
SUCCESS: Order-56
PRODUCER SENT: Order-57
SUCCESS: Order-57
PRODUCER SENT: Order-58
SUCCESS: Order-58
PRODUCER SENT: Order-59
SUCCESS: Order-59
PRODUCER SENT: Order-60
SUCCESS: Order-60
PRODUCER SENT: Order-61
SUCCESS: Order-61
PRODUCER SENT: Order-62
SUCCESS: Order-62
PRODUCER SENT: Order-63
SUCCESS: Order-63
PRODUCER SENT: Order-64
SUCCESS: Order-64
PRODUCER SENT: Order-65
SUCCESS: Order-65
PRODUCER SENT: Order-66
SUCCESS: Order-66
PRODUCER SENT: Order-67
SUCCESS: Order-67
PRODUCER SENT: Order-68
SUCCESS: Order-68
PRODUCER SENT: Order-69
SUCCESS: Order-69
PRODUCER SENT: Order-70
SUCCESS: Order-70
PRODUCER SENT: Order-71
SUCCESS: Order-71
PRODUCER SENT: Order-72
SUCCESS: Order-72
PRODUCER SENT: Order-73
SUCCESS: Order-73
PRODUCER SENT: Order-74
SUCCESS: Order-74
PRODUCER SENT: Order-75
SUCCESS: Order-75
PRODUCER SENT: Order-76
SUCCESS: Order-76
PRODUCER SENT: Order-77
PRODUCER SENT: Order-78
SUCCESS: Order-77
SUCCESS: Order-78
PRODUCER SENT: Order-79
SUCCESS: Order-79
PRODUCER SENT: Order-80
SUCCESS: Order-80
PRODUCER SENT: Order-81
SUCCESS: Order-81
PRODUCER SENT: Order-82
SUCCESS: Order-82
PRODUCER SENT: Order-83
SUCCESS: Order-83
PRODUCER SENT: Order-84
SUCCESS: Order-84
PRODUCER SENT: Order-85
SUCCESS: Order-85
PRODUCER SENT: Order-86
SUCCESS: Order-86
PRODUCER SENT: Order-87
SUCCESS: Order-87
PRODUCER SENT: Order-88
SUCCESS: Order-88
PRODUCER SENT: Order-89
SUCCESS: Order-89
PRODUCER SENT: Order-90
SUCCESS: Order-90
PRODUCER SENT: Order-91
SUCCESS: Order-91
PRODUCER SENT: Order-92
SUCCESS: Order-92
PRODUCER SENT: Order-93
SUCCESS: Order-93
PRODUCER SENT: Order-94
SUCCESS: Order-94
PRODUCER SENT: Order-95
SUCCESS: Order-95
PRODUCER SENT: Order-96
SUCCESS: Order-96
PRODUCER SENT: Order-97
SUCCESS: Order-97
PRODUCER SENT: Order-98
SUCCESS: Order-98
PRODUCER SENT: Order-99
SUCCESS: Order-99
PRODUCER SENT: Order-100
SUCCESS: Order-100
DLQ CONSUMER STARTED
REBALANCE ASSIGN: [orders-0, orders-1, orders-2]
REBALANCE REMOVE: [orders-0, orders-1, orders-2]
REBALANCE ASSIGN: [orders-2]
REBALANCE ASSIGN: [orders-0, orders-1]
SUCCESS: 12,sd,12
SUCCESS: 1,sd,11|fail-transient
SUCCESS: 23,1asfca,1|fail-persistent
REBALANCE ASSIGN: C1 -> [orders-0, orders-1]
REBALANCE ASSIGN: C2 -> [orders-2]
DLQ CONSUMER STARTED
FAILED: 2,hekio,1|fail-persistent
RETRY: 2,hekio,1|fail-persistent lan=1
RETRY: 2,hekio,1|fail-persistent lan=2
RETRY: 2,hekio,1|fail-persistent lan=3
DLQ: 2,hekio,1|fail-persistent vuot qua gioi han retry
DLQ: 2,hekio,1|fail-persistent|reason=max retry exceeded|retry=3
